  S_1.cpp
  S_1089.cpp
C:\Users\halil\Desktop\Desktop\Projects\leetcode-solutions\easy\easy\S_1.h(9,11): error C2143: syntax error: missing ';' before '<'
  (compiling source file 'S_1.cpp')
  
C:\Users\halil\Desktop\Desktop\Projects\leetcode-solutions\easy\easy\S_1.h(9,5): error C4430: missing type specifier - int assumed. Note: C++ does not support default-int
  (compiling source file 'S_1.cpp')
  
C:\Users\halil\Desktop\Desktop\Projects\leetcode-solutions\easy\easy\S_1.h(10,1): error C2143: syntax error: missing ';' before '}'
  (compiling source file 'S_1.cpp')
  
C:\Users\halil\Desktop\Desktop\Projects\leetcode-solutions\easy\easy\S_1.h(10,1): error C2238: unexpected token(s) preceding ';'
  (compiling source file 'S_1.cpp')
  
C:\Users\halil\Desktop\Desktop\Projects\leetcode-solutions\easy\easy\S_1.cpp(16,1): error C1004: unexpected end-of-file found
  S_1342.cpp
C:\Users\halil\Desktop\Desktop\Projects\leetcode-solutions\easy\easy\S_1342.h(6,9): warning C4081: expected 'identifier'; found 'class'
  (compiling source file 'S_1342.cpp')
  
C:\Users\halil\Desktop\Desktop\Projects\leetcode-solutions\easy\easy\S_1342.h(7,1): error C2059: syntax error: 'public'
  (compiling source file 'S_1342.cpp')
  
C:\Users\halil\Desktop\Desktop\Projects\leetcode-solutions\easy\easy\S_1342.h(6,24): error C1075: '{': no matching token found
  (compiling source file 'S_1342.cpp')
  
  S_1346.cpp
C:\Users\halil\Desktop\Desktop\Projects\leetcode-solutions\easy\easy\S_1346.h(6,23): error C2061: syntax error: identifier 'vector'
  (compiling source file 'S_1346.cpp')
  
C:\Users\halil\Desktop\Desktop\Projects\leetcode-solutions\easy\easy\S_1346.h(7,1): error C2143: syntax error: missing ';' before '}'
  (compiling source file 'S_1346.cpp')
  
  S_14.cpp
  S_1672.cpp
  S_1752.cpp
  S_1790.cpp
C:\Users\halil\Desktop\Desktop\Projects\leetcode-solutions\easy\easy\S_1790.h(6,25): error C2061: syntax error: identifier 'string'
  (compiling source file 'S_1790.cpp')
  
C:\Users\halil\Desktop\Desktop\Projects\leetcode-solutions\easy\easy\S_1790.h(7,1): error C2143: syntax error: missing ';' before '}'
  (compiling source file 'S_1790.cpp')
  
  S_1800.cpp
C:\Users\halil\Desktop\Desktop\Projects\leetcode-solutions\easy\easy\S_1800.h(7,25): error C2061: syntax error: identifier 'vector'
  (compiling source file 'S_1800.cpp')
  
C:\Users\halil\Desktop\Desktop\Projects\leetcode-solutions\easy\easy\S_1800.h(8,1): error C2143: syntax error: missing ';' before '}'
  (compiling source file 'S_1800.cpp')
  
  S_26.cpp
  S_27.cpp
  S_28.cpp
  S_3105.cpp
C:\Users\halil\Desktop\Desktop\Projects\leetcode-solutions\easy\easy\S_3105.h(6,34): error C2061: syntax error: identifier 'vector'
  (compiling source file 'S_3105.cpp')
  
C:\Users\halil\Desktop\Desktop\Projects\leetcode-solutions\easy\easy\S_3105.h(7,1): error C2143: syntax error: missing ';' before '}'
  (compiling source file 'S_3105.cpp')
  
  S_3151.cpp
  S_383.cpp
  S_412.cpp
  S_66.cpp
  S_69.cpp
C:\Users\halil\Desktop\Desktop\Projects\leetcode-solutions\easy\easy\S_69.h(6,1): error C2143: syntax error: missing ';' before '}'
  (compiling source file 'S_69.cpp')
  
  S_876.cpp
C:\Users\halil\Desktop\Desktop\Projects\leetcode-solutions\easy\easy\S_876.h(8,13): error C2143: syntax error: missing ';' before '*'
  (compiling source file 'S_876.cpp')
  
C:\Users\halil\Desktop\Desktop\Projects\leetcode-solutions\easy\easy\S_876.h(8,5): error C4430: missing type specifier - int assumed. Note: C++ does not support default-int
  (compiling source file 'S_876.cpp')
  
C:\Users\halil\Desktop\Desktop\Projects\leetcode-solutions\easy\easy\S_876.cpp(22,1): error C2238: unexpected token(s) preceding ';'
C:\Users\halil\Desktop\Desktop\Projects\leetcode-solutions\easy\easy\S_876.h(6,16): error C1075: '{': no matching token found
  (compiling source file 'S_876.cpp')
  
  S_88.cpp
C:\Users\halil\Desktop\Desktop\Projects\leetcode-solutions\easy\easy\S_88.h(6,16): error C2061: syntax error: identifier 'vector'
  (compiling source file 'S_88.cpp')
  
C:\Users\halil\Desktop\Desktop\Projects\leetcode-solutions\easy\easy\S_88.h(7,1): error C2143: syntax error: missing ';' before '}'
  (compiling source file 'S_88.cpp')
  
  Generating Code...
  Compiling...
  S_9.cpp
  S_941.cpp
C:\Users\halil\Desktop\Desktop\Projects\leetcode-solutions\easy\easy\S_941.cpp(3,1): error C2447: '{': missing function header (old-style formal list?)
  S_977.cpp
  Generating Code...
